<?xml version="1.0" encoding="UTF-8"?>
<!-- Generated by org.testng.reporters.JUnitXMLReporter -->
<testsuite hostname="DESKTOP-GSF6O71" ignored="10" name="RunProjectOnChrome" tests="34" failures="0" timestamp="21 May 2019 08:04:15 GMT" time="0.565" errors="0">
  <testcase name="@BeforeTest setupBrowser" time="0.0" classname="constant.RunFirst">
    <failure type="java.lang.IllegalStateException" message="The driver executable does not exist: D:\NIT\ToolTest\Selenium_WebDriver\chromedriver.exe">
      <![CDATA[java.lang.IllegalStateException: The driver executable does not exist: D:\NIT\ToolTest\Selenium_WebDriver\chromedriver.exe
	at com.google.common.base.Preconditions.checkState(Preconditions.java:534)
	at org.openqa.selenium.remote.service.DriverService.checkExecutable(DriverService.java:136)
	at org.openqa.selenium.remote.service.DriverService.findExecutable(DriverService.java:131)
	at org.openqa.selenium.chrome.ChromeDriverService.access$000(ChromeDriverService.java:32)
	at org.openqa.selenium.chrome.ChromeDriverService$Builder.findDefaultExecutable(ChromeDriverService.java:137)
	at org.openqa.selenium.remote.service.DriverService$Builder.build(DriverService.java:339)
	at org.openqa.selenium.chrome.ChromeDriverService.createDefaultService(ChromeDriverService.java:88)
	at org.openqa.selenium.chrome.ChromeDriver.<init>(ChromeDriver.java:123)
	at constant.RunFirst.setupBrowser(RunFirst.java:27)
... Removed 23 stack frames]]>
    </failure>
  </testcase> <!-- @BeforeTest setupBrowser -->
  <testcase name="@AfterTest closeBrowser" time="0.0" classname="constant.RunFirst">
    <skipped/>
  </testcase> <!-- @AfterTest closeBrowser -->
  <testcase name="TC001_Login" time="0.003" classname="userLogin.Login">
    <skipped/>
  </testcase> <!-- TC001_Login -->
  <testcase name="TC001_documentSettings" time="0.003" classname="userSendWizard.SendWizardTestCase">
    <skipped/>
  </testcase> <!-- TC001_documentSettings -->
  <testcase name="TC002_advancedOption" time="0.002" classname="userSendWizard.SendWizardTestCase">
    <skipped/>
  </testcase> <!-- TC002_advancedOption -->
  <testcase name="TC003_sendNonSupportFile" time="0.001" classname="userSendWizard.SendWizardTestCase">
    <skipped/>
  </testcase> <!-- TC003_sendNonSupportFile -->
  <testcase name="TC004_sendMultipleFile" time="0.002" classname="userSendWizard.SendWizardTestCase">
    <skipped/>
  </testcase> <!-- TC004_sendMultipleFile -->
  <testcase name="TC005_sendSpecificPackage" time="0.002" classname="userSendWizard.SendWizardTestCase">
    <skipped/>
  </testcase> <!-- TC005_sendSpecificPackage -->
  <testcase name="TC001_OpenRecipientScreen" time="0.002" classname="userAddressBook.RecipientTestCase">
    <skipped/>
  </testcase> <!-- TC001_OpenRecipientScreen -->
  <testcase name="TC002_ImportRecipient" time="0.002" classname="userAddressBook.RecipientTestCase">
    <skipped/>
  </testcase> <!-- TC002_ImportRecipient -->
  <testcase name="TC003_DeleteMultipleRecipient" time="0.001" classname="userAddressBook.RecipientTestCase">
    <skipped/>
  </testcase> <!-- TC003_DeleteMultipleRecipient -->
  <testcase name="TC004_AddRecipient" time="0.001" classname="userAddressBook.RecipientTestCase">
    <skipped/>
  </testcase> <!-- TC004_AddRecipient -->
  <testcase name="TC005_DeleteRecipient" time="0.001" classname="userAddressBook.RecipientTestCase">
    <skipped/>
  </testcase> <!-- TC005_DeleteRecipient -->
  <testcase name="TC006_AddGroupRecipient" time="0.002" classname="userAddressBook.RecipientTestCase">
    <skipped/>
  </testcase> <!-- TC006_AddGroupRecipient -->
  <testcase name="TC007_AddRecipientIntoGroup" time="0.005" classname="userAddressBook.RecipientTestCase">
    <skipped/>
  </testcase> <!-- TC007_AddRecipientIntoGroup -->
  <testcase name="TC008_DeleteGroupRecipient" time="0.002" classname="userAddressBook.RecipientTestCase">
    <skipped/>
  </testcase> <!-- TC008_DeleteGroupRecipient -->
  <testcase name="TC001_Logout" time="0.004" classname="userLogout.UserLogout">
    <skipped/>
  </testcase> <!-- TC001_Logout -->
  <testcase name="TC000_CompanySignUpSuccess" time="0.001" classname="companyAdmin.CompanyTestCase">
    <skipped/>
  </testcase> <!-- TC000_CompanySignUpSuccess -->
  <testcase name="TC001_CompanyLogin" time="0.001" classname="companyAdmin.CompanyTestCase">
    <skipped/>
  </testcase> <!-- TC001_CompanyLogin -->
  <testcase name="TC002_ImportUser" time="0.001" classname="companyAdmin.CompanyTestCase">
    <skipped/>
  </testcase> <!-- TC002_ImportUser -->
  <testcase name="TC003_ImportUserInvalidData" time="0.001" classname="companyAdmin.CompanyTestCase">
    <skipped/>
  </testcase> <!-- TC003_ImportUserInvalidData -->
  <testcase name="TC004_AddUser" time="0.006" classname="companyAdmin.CompanyTestCase">
    <skipped/>
  </testcase> <!-- TC004_AddUser -->
  <testcase name="TC005_AddUserInvalidEmail" time="0.012" classname="companyAdmin.CompanyTestCase">
    <skipped/>
  </testcase> <!-- TC005_AddUserInvalidEmail -->
  <testcase name="TC006_DeleteUser" time="0.001" classname="companyAdmin.CompanyTestCase">
    <skipped/>
  </testcase> <!-- TC006_DeleteUser -->
  <testcase name="TC007_ImportShareAddressBookNodata" time="0.001" classname="companyAdmin.CompanyTestCase">
    <skipped/>
  </testcase> <!-- TC007_ImportShareAddressBookNodata -->
  <testcase name="TC008_ImportShareAddressBookSuccessfully" time="0.001" classname="companyAdmin.CompanyTestCase">
    <skipped/>
  </testcase> <!-- TC008_ImportShareAddressBookSuccessfully -->
  <testcase name="TC009_ImportShareAddressBookIvalidData" time="0.001" classname="companyAdmin.CompanyTestCase">
    <skipped/>
  </testcase> <!-- TC009_ImportShareAddressBookIvalidData -->
  <testcase name="TC010_ImportShareAddressBookIvalidFormat" time="0.001" classname="companyAdmin.CompanyTestCase">
    <skipped/>
  </testcase> <!-- TC010_ImportShareAddressBookIvalidFormat -->
  <testcase name="TC011_DeleteMultipleShareAddressBook" time="0.001" classname="companyAdmin.CompanyTestCase">
    <skipped/>
  </testcase> <!-- TC011_DeleteMultipleShareAddressBook -->
  <testcase name="TC012_AddShareAddressBook" time="0.001" classname="companyAdmin.CompanyTestCase">
    <skipped/>
  </testcase> <!-- TC012_AddShareAddressBook -->
  <testcase name="TC013_DeleteShareAddressBook" time="0.001" classname="companyAdmin.CompanyTestCase">
    <skipped/>
  </testcase> <!-- TC013_DeleteShareAddressBook -->
  <testcase name="TC014_CompanyLogout" time="0.001" classname="companyAdmin.CompanyTestCase">
    <skipped/>
  </testcase> <!-- TC014_CompanyLogout -->
  <testcase name="TC001_ResellerLogin" time="0.001" classname="resellerAdmin.ResellerAdminTestCase">
    <skipped/>
  </testcase> <!-- TC001_ResellerLogin -->
  <testcase name="TC002_AddNewCompany" time="0.006" classname="resellerAdmin.ResellerAdminTestCase">
    <skipped/>
  </testcase> <!-- TC002_AddNewCompany -->
  <testcase name="TC003_DeleteCompany" time="0.0" classname="resellerAdmin.ResellerAdminTestCase">
    <skipped/>
  </testcase> <!-- TC003_DeleteCompany -->
  <testcase name="TC004_ResellerLogout" time="0.005" classname="resellerAdmin.ResellerAdminTestCase">
    <skipped/>
  </testcase> <!-- TC004_ResellerLogout -->
  <testcase name="@AfterTest closeBrowser" time="0.0" classname="constant.RunFirst">
    <ignored/>
  </testcase> <!-- @AfterTest closeBrowser -->
  <testcase name="@AfterTest closeBrowser" time="0.0" classname="constant.RunFirst">
    <ignored/>
  </testcase> <!-- @AfterTest closeBrowser -->
  <testcase name="@AfterTest closeBrowser" time="0.0" classname="constant.RunFirst">
    <ignored/>
  </testcase> <!-- @AfterTest closeBrowser -->
  <testcase name="@AfterTest closeBrowser" time="0.0" classname="constant.RunFirst">
    <ignored/>
  </testcase> <!-- @AfterTest closeBrowser -->
  <testcase name="@AfterTest closeBrowser" time="0.0" classname="constant.RunFirst">
    <ignored/>
  </testcase> <!-- @AfterTest closeBrowser -->
  <testcase name="@BeforeTest setupBrowser" time="0.0" classname="constant.RunFirst">
    <ignored/>
  </testcase> <!-- @BeforeTest setupBrowser -->
  <testcase name="@BeforeTest setupBrowser" time="0.0" classname="constant.RunFirst">
    <ignored/>
  </testcase> <!-- @BeforeTest setupBrowser -->
  <testcase name="@BeforeTest setupBrowser" time="0.0" classname="constant.RunFirst">
    <ignored/>
  </testcase> <!-- @BeforeTest setupBrowser -->
  <testcase name="@BeforeTest setupBrowser" time="0.0" classname="constant.RunFirst">
    <ignored/>
  </testcase> <!-- @BeforeTest setupBrowser -->
  <testcase name="@BeforeTest setupBrowser" time="0.0" classname="constant.RunFirst">
    <ignored/>
  </testcase> <!-- @BeforeTest setupBrowser -->
</testsuite> <!-- RunProjectOnChrome -->
